[debug] [2022-11-05T23:10:11.560Z] ----------------------------------------------------------------------
[debug] [2022-11-05T23:10:11.561Z] Command:       /usr/local/bin/node /usr/local/bin/firebase deploy
[debug] [2022-11-05T23:10:11.561Z] CLI Version:   11.16.0
[debug] [2022-11-05T23:10:11.561Z] Platform:      darwin
[debug] [2022-11-05T23:10:11.561Z] Node Version:  v18.12.0
[debug] [2022-11-05T23:10:11.566Z] Time:          Sat Nov 05 2022 18:10:11 GMT-0500 (Central Daylight Time)
[debug] [2022-11-05T23:10:11.566Z] ----------------------------------------------------------------------
[debug] 
[debug] [2022-11-05T23:10:11.567Z] >>> [apiv2][query] GET https://firebase-public.firebaseio.com/cli.json [none]
[debug] [2022-11-05T23:10:11.616Z] > refreshing access token with scopes: []
[debug] [2022-11-05T23:10:11.617Z] >>> [apiv2][query] POST https://www.googleapis.com/oauth2/v3/token [none]
[debug] [2022-11-05T23:10:11.617Z] >>> [apiv2][body] POST https://www.googleapis.com/oauth2/v3/token [omitted]
[debug] [2022-11-05T23:10:11.794Z] <<< [apiv2][status] POST https://www.googleapis.com/oauth2/v3/token 200
[debug] [2022-11-05T23:10:11.794Z] <<< [apiv2][body] POST https://www.googleapis.com/oauth2/v3/token [omitted]
[debug] [2022-11-05T23:10:11.807Z] >>> [apiv2][query] GET https://firebase.googleapis.com/v1beta1/projects/undefined [none]
[debug] [2022-11-05T23:10:11.939Z] <<< [apiv2][status] GET https://firebase-public.firebaseio.com/cli.json 200
[debug] [2022-11-05T23:10:11.939Z] <<< [apiv2][body] GET https://firebase-public.firebaseio.com/cli.json {"cloudBuildErrorAfter":1594252800000,"cloudBuildWarnAfter":1590019200000,"defaultNode10After":1594252800000,"minVersion":"3.0.5","node8DeploysDisabledAfter":1613390400000,"node8RuntimeDisabledAfter":1615809600000,"node8WarnAfter":1600128000000}
[debug] [2022-11-05T23:10:12.133Z] <<< [apiv2][status] GET https://firebase.googleapis.com/v1beta1/projects/undefined 403
[debug] [2022-11-05T23:10:12.133Z] <<< [apiv2][body] GET https://firebase.googleapis.com/v1beta1/projects/undefined {"error":{"code":403,"message":"The caller does not have permission","status":"PERMISSION_DENIED"}}
[debug] [2022-11-05T23:10:12.134Z] HTTP Error: 403, The caller does not have permission
[debug] [2022-11-05T23:10:12.295Z] FirebaseError: HTTP Error: 403, The caller does not have permission
    at responseToError (/usr/local/lib/node_modules/firebase-tools/lib/responseToError.js:49:12)
    at RetryOperation._fn (/usr/local/lib/node_modules/firebase-tools/lib/apiv2.js:288:77)
    at process.processTicksAndRejections (node:internal/process/task_queues:95:5)
[error] 
[error] Error: Failed to get Firebase project undefined. Please make sure the project exists and your account has permission to access it.
